2025-05-07 14:56:47,926 - ITAM - WARNING - Method: 'GET' - URL: '/devices/' - Status: 'success' - User: 'user' - Details: 'Devices read successfully.'
2025-05-07 14:57:06,739 - ITAM - WARNING - Method: 'GET' - URL: '/devices/' - Status: 'success' - User: 'user' - Details: 'Devices read successfully.'
2025-05-07 16:21:18,621 - ITAM - WARNING - Method: 'GET' - URL: '/devices/' - Status: 'success' - User: 'admin' - Details: 'Devices read successfully.'
2025-05-07 16:21:18,959 - ITAM - WARNING - Method: 'GET' - URL: '/devices/' - Status: 'success' - User: 'admin' - Details: 'Devices read successfully.'
2025-05-07 16:21:22,346 - ITAM - WARNING - Method: 'GET' - URL: '/devices/' - Status: 'success' - User: 'admin' - Details: 'Devices read successfully.'
2025-05-07 16:21:27,317 - ITAM - WARNING - Method: 'GET' - URL: '/devices/' - Status: 'success' - User: 'admin' - Details: 'Devices read successfully.'
2025-05-07 16:21:33,221 - ITAM - WARNING - Method: 'GET' - URL: '/devices/' - Status: 'success' - User: 'admin' - Details: 'Devices read successfully.'
2025-05-07 16:21:35,465 - ITAM - WARNING - Method: 'GET' - URL: '/devicegroups/' - Status: 'success' - User: 'admin' - Details: 'Reading all device groups'
2025-05-07 16:21:38,048 - ITAM - WARNING - Method: 'GET' - URL: '/devices/' - Status: 'success' - User: 'admin' - Details: 'Devices read successfully.'
2025-05-07 16:22:49,879 - ITAM - WARNING - Method: 'GET' - URL: '/devicegroups/' - Status: 'success' - User: 'admin' - Details: 'Reading all device groups'
2025-05-07 16:24:27,411 - ITAM - WARNING - Method: 'GET' - URL: '/devices/' - Status: 'success' - User: 'admin' - Details: 'Devices read successfully.'
2025-05-07 16:24:33,135 - ITAM - WARNING - Method: 'POST' - URL: '/devices/' - Status: 'success' - User: 'admin' - Details: 'Device created successfully.'
2025-05-07 16:24:33,157 - ITAM - WARNING - Method: 'GET' - URL: '/devices/' - Status: 'success' - User: 'admin' - Details: 'Devices read successfully.'
2025-05-09 13:51:15,288 - ITAM - WARNING - Method: 'GET' - URL: '/devices/' - Status: 'success' - User: 'admin' - Details: 'Devices read successfully.'
2025-05-09 16:08:26,240 - ITAM - WARNING - Method: 'GET' - URL: '/devices/' - Status: 'success' - User: 'user' - Details: 'Devices read successfully.'
2025-05-09 16:38:15,987 - ITAM - WARNING - Method: 'GET' - URL: '/devices/' - Status: 'success' - User: 'user' - Details: 'Devices read successfully.'
2025-05-09 16:38:19,961 - ITAM - WARNING - Method: 'GET' - URL: '/packages/' - Status: 'success' - User: 'user' - Details: 'Packages read successfully.'
2025-05-09 16:38:20,038 - ITAM - WARNING - Method: 'GET' - URL: '/devices/8/' - Status: 'success' - User: 'user' - Details: 'Device read successfully.'
2025-05-09 16:38:22,367 - ITAM - WARNING - Method: 'GET' - URL: '/devices/' - Status: 'success' - User: 'user' - Details: 'Devices read successfully.'
2025-05-09 16:38:27,815 - ITAM - WARNING - Method: 'POST' - URL: '/devices/' - Status: 'success' - User: 'user' - Details: 'Device created successfully.'
2025-05-09 16:38:27,837 - ITAM - WARNING - Method: 'GET' - URL: '/devices/' - Status: 'success' - User: 'user' - Details: 'Devices read successfully.'
2025-05-09 16:38:33,222 - ITAM - WARNING - Method: 'PUT' - URL: '/devices/10/' - Status: 'success' - User: 'user' - Details: 'Device updated successfully.'
2025-05-09 16:38:33,244 - ITAM - WARNING - Method: 'GET' - URL: '/devices/' - Status: 'success' - User: 'user' - Details: 'Devices read successfully.'
2025-05-09 16:38:37,579 - ITAM - WARNING - Method: 'DELETE' - URL: '/devices/10/delete/' - Status: 'success' - User: 'user' - Details: 'Device deleted successfully.'
2025-05-09 16:38:38,142 - ITAM - WARNING - Method: 'GET' - URL: '/devices/' - Status: 'success' - User: 'user' - Details: 'Devices read successfully.'
2025-05-09 16:39:20,594 - ITAM - WARNING - Method: 'GET' - URL: '/packages/' - Status: 'success' - User: 'user' - Details: 'Packages read successfully.'
2025-05-09 16:39:20,679 - ITAM - WARNING - Method: 'GET' - URL: '/devices/8/' - Status: 'success' - User: 'user' - Details: 'Device read successfully.'
